


ARM Macro Assembler    Page 1 


    1 00000000         ; Print.s
    2 00000000         ; Student names: Aria Pahlavan and Khalid Qarryzada
    3 00000000         ; Last modification date: change this to the last modifi
                       cation date or look very silly
    4 00000000         ; Runs on LM4F120 or TM4C123
    5 00000000         ; EE319K lab 7 device driver for any LCD
    6 00000000         ;
    7 00000000         ; As part of Lab 7, students need to implement these LCD
                       _OutDec and LCD_OutFix
    8 00000000         ; This driver assumes two low-level LCD functions
    9 00000000         ; ST7735_OutChar   outputs a single 8-bit ASCII characte
                       r
   10 00000000         ; ST7735_OutString outputs a null-terminated string 
   11 00000000         
   12 00000000                 IMPORT           ST7735_OutChar
   13 00000000                 IMPORT           ST7735_OutString
   14 00000000                 EXPORT           LCD_OutDec
   15 00000000                 EXPORT           LCD_OutFix
   16 00000000         
   17 00000000                 AREA             |.text|, CODE, READONLY, ALIGN=
2
   18 00000000                 THUMB
   19 00000000         
   20 00000000         
   21 00000000         
   22 00000000         ;-----------------------LCD_OutDec----------------------
                       -
   23 00000000         ; Output a 32-bit number in unsigned decimal format
   24 00000000         ; Input: R0 (call by value) 32-bit unsigned number
   25 00000000         ; Output: none
   26 00000000         ; Invariables: This function must not permanently modify
                        registers R4 to R11
   27 00000000         LCD_OutDec
   28 00000000        1 
                       TEN     RN               1           ;Rename R1 to TEN
   29 00000000         
   30 00000000 B531            PUSH             {R0, R4, R5, LR} ;Current value
                                                             of SP is now of ou
                                                            r local variable, t
                                                            he input
   31 00000002 F004 0400       AND              R4, #0      ;R4 is our counter 
                                                            of how many places 
                                                            away the SP is from
                                                             the local variable
                                                            
   32 00000006 F04F 010A       MOV              R1, #10
   33 0000000A F85D 5004 
                       loop1   LDR              R5, [SP, R4]
   34 0000000E FBB5 F2F1       UDIV             R2, R5, TEN ;R2 has the input d
                                                            ivided by 10 and tr
                                                            uncated to a whole 
                                                            number
   35 00000012 FB02 F201       MUL              R2, TEN     ;Dividing by ten, t
                                                            hen multiplying by 
                                                            ten, gets rid of th
                                                            e value in the ones
                                                            ' place of the deci
                                                            mal
   36 00000016 EBA5 0302       SUB              R3, R5, R2  ;R3 now has the dig



ARM Macro Assembler    Page 2 


                                                            it in the ones' pla
                                                            ce
   37 0000001A F103 0330       ADD              R3, #0x30   ;R3 now has the ASC
                                                            II value of the dig
                                                            it
   38 0000001E B408            PUSH             {R3}
   39 00000020 F104 0404       ADD              R4, #4      ;Add 4 to ccounter 
                                                            since SP has just s
                                                            hifted up by 4
   40 00000024 FBB5 F5F1       UDIV             R5, R5, TEN ;R5 still has local
                                                             variable in it
   41 00000028 F84D 5004       STR              R5, [SP, R4]
   42 0000002C F85D 2004       LDR              R2, [SP, R4]
   43 00000030 2A00            CMP              R2, #0
   44 00000032 D1EA            BNE              loop1
   45 00000034         
   46 00000034 BC01    print1  POP              {R0}
   47 00000036 F7FF FFFE       BL               ST7735_OutChar
   48 0000003A F1A4 0404       SUB              R4, #4
   49 0000003E 2C00            CMP              R4, #0
   50 00000040 D1F8            BNE              print1
   51 00000042         
   52 00000042 E8BD 4031       POP              {R0, R4, R5, LR}
   53 00000046         
   54 00000046 4770            BX               LR
   55 00000048                 PRESERVE8
   56 00000048         ;* * * * * * * * End of LCD_OutDec * * * * * * * *
   57 00000048         
   58 00000048         ; -----------------------LCD _OutFix--------------------
                       --
   59 00000048         ; Output characters to LCD display in fixed-point format
                       
   60 00000048         ; unsigned decimal, resolution 0.001, range 0.000 to 9.9
                       99
   61 00000048         ; Inputs:  R0 is an unsigned 32-bit number
   62 00000048         ; Outputs: none
   63 00000048         ; E.g., R0=0,    then output "0.000 "
   64 00000048         ;       R0=3,    then output "0.003 "
   65 00000048         ;       R0=89,   then output "0.089 "
   66 00000048         ;       R0=123,  then output "0.123 "
   67 00000048         ;       R0=9999, then output "9.999 "
   68 00000048         ;       R0>9999, then output "*.*** "
   69 00000048         ; Invariables: This function must not permanently modify
                        registers R4 to R11
   70 00000048         LCD_OutFix
   71 00000048         
   72 00000048 B571            PUSH             {R0, R4, R5, R6, LR}
   73 0000004A 466E            MOV              R6, SP
   74 0000004C F04F 0030       MOV              R0, #0x30   ;ASCII for 0
   75 00000050 F84D 0C04       STR              R0, [SP, #-4]
   76 00000054 F84D 0C08       STR              R0, [SP, #-8]
   77 00000058 F84D 0C0C       STR              R0, [SP, #-12]
   78 0000005C F84D 0C10       STR              R0, [SP, #-16] ;Store 0 in 4 me
                                                            mory locations abov
                                                            e the stack
   79 00000060         
   80 00000060 F004 0400       AND              R4, #0      ;R4 is counter as i
                                                            t was in LCD_OutDec
                                                            



ARM Macro Assembler    Page 3 


   81 00000064 F04F 010A       MOV              R1, #10
   82 00000068 F85D 5004 
                       loop2   LDR              R5, [SP, R4]
   83 0000006C FBB5 F2F1       UDIV             R2, R5, TEN ;R2 has the input d
                                                            ivided by 10 and tr
                                                            uncated to a whole 
                                                            number
   84 00000070 FB02 F201       MUL              R2, TEN     ;Dividing by ten, t
                                                            hen multiplying by 
                                                            ten, gets rid of th
                                                            e value in the ones
                                                            ' place of the deci
                                                            mal
   85 00000074 EBA5 0302       SUB              R3, R5, R2  ;R3 now has the dig
                                                            it in the ones' pla
                                                            ce
   86 00000078 F103 0330       ADD              R3, #0x30   ;R3 now has the ASC
                                                            II value of the dig
                                                            it
   87 0000007C B408            PUSH             {R3}
   88 0000007E F104 0404       ADD              R4, #4      ;Add 4 to ccounter 
                                                            since SP has just s
                                                            hifted up by 4
   89 00000082 FBB5 F5F1       UDIV             R5, R5, TEN ;R5 still has local
                                                             variable in it
   90 00000086 F84D 5004       STR              R5, [SP, R4]
   91 0000008A F85D 2004       LDR              R2, [SP, R4]
   92 0000008E 2A00            CMP              R2, #0
   93 00000090 D1EA            BNE              loop2
   94 00000092         
   95 00000092         
   96 00000092 2C10            CMP              R4, #16
   97 00000094 DC08            BGT              printstar
   98 00000096 D01C            BEQ              print2
   99 00000098 4668            MOV              R0, SP
  100 0000009A 4420            ADD              R0, R4
  101 0000009C F1A0 0010       SUB              R0, #16
  102 000000A0 4685            MOV              SP, R0
  103 000000A2 F04F 0410       MOV              R4, #16
  104 000000A6 E014            B                print2
  105 000000A8         
  106 000000A8 F04F 002A 
                       printstar
                               MOV              R0, #0x2A   ;0x2A is ASCII for 
                                                            *
  107 000000AC F7FF FFFE       BL               ST7735_OutChar
  108 000000B0 F04F 002E       MOV              R0, #0x2E
  109 000000B4 F7FF FFFE       BL               ST7735_OutChar
  110 000000B8 F04F 002A       MOV              R0, #0x2A
  111 000000BC F7FF FFFE       BL               ST7735_OutChar
  112 000000C0 F04F 002A       MOV              R0, #0x2A
  113 000000C4 F7FF FFFE       BL               ST7735_OutChar
  114 000000C8 F04F 002A       MOV              R0, #0x2A
  115 000000CC F7FF FFFE       BL               ST7735_OutChar 
                                                            ;Prints " *.*** "
  116 000000D0 E011            B                fin
  117 000000D2         
  118 000000D2 BC01    print2  POP              {R0}
  119 000000D4 F7FF FFFE       BL               ST7735_OutChar



ARM Macro Assembler    Page 4 


  120 000000D8 F1A4 0404       SUB              R4, #4
  121 000000DC 2C0C            CMP              R4, #12     ;If R4 is 12, then 
                                                            we have three chara
                                                            cters left
  122 000000DE D1F8            BNE              print2
  123 000000E0         
  124 000000E0 F04F 002E       MOV              R0, #0x2E   ;0x2E is '.' in ASC
                                                            II
  125 000000E4 F7FF FFFE       BL               ST7735_OutChar
  126 000000E8 BC01    print3  POP              {R0}
  127 000000EA F7FF FFFE       BL               ST7735_OutChar
  128 000000EE F1A4 0404       SUB              R4, #4
  129 000000F2 2C00            CMP              R4, #0
  130 000000F4 D1F8            BNE              print3
  131 000000F6         
  132 000000F6 46B5    fin     MOV              SP, R6
  133 000000F8 E8BD 4071       POP              {R0, R4, R5, R6, LR}
  134 000000FC 4770            BX               LR
  135 000000FE                 PRESERVE8
  136 000000FE         
  137 000000FE 00 00           ALIGN
  138 00000100         ;* * * * * * * * End of LCD_OutFix * * * * * * * *
  139 00000100         
  140 00000100                 ALIGN                        ; make sure the end
                                                             of this section is
                                                             aligned
  141 00000100                 END                          ; end of file
Command Line: --debug --xref --cpu=Cortex-M4 --apcs=interwork --depend=.\print.
d -o.\print.o -I"D:\EE 319K\ARM\RV31\INC" -I"D:\EE 319K\ARM\CMSIS\Include" -I"D
:\EE 319K\ARM\Inc\Luminary" --list=.\print.lst Print.s



ARM Macro Assembler    Page 1 Alphabetic symbol ordering
Relocatable symbols

.text 00000000

Symbol: .text
   Definitions
      At line 17 in file Print.s
   Uses
      None
Comment: .text unused
LCD_OutDec 00000000

Symbol: LCD_OutDec
   Definitions
      At line 27 in file Print.s
   Uses
      At line 14 in file Print.s
Comment: LCD_OutDec used once
LCD_OutFix 00000048

Symbol: LCD_OutFix
   Definitions
      At line 70 in file Print.s
   Uses
      At line 15 in file Print.s
Comment: LCD_OutFix used once
fin 000000F6

Symbol: fin
   Definitions
      At line 132 in file Print.s
   Uses
      At line 116 in file Print.s
Comment: fin used once
loop1 0000000A

Symbol: loop1
   Definitions
      At line 33 in file Print.s
   Uses
      At line 44 in file Print.s
Comment: loop1 used once
loop2 00000068

Symbol: loop2
   Definitions
      At line 82 in file Print.s
   Uses
      At line 93 in file Print.s
Comment: loop2 used once
print1 00000034

Symbol: print1
   Definitions
      At line 46 in file Print.s
   Uses
      At line 50 in file Print.s
Comment: print1 used once
print2 000000D2

Symbol: print2



ARM Macro Assembler    Page 2 Alphabetic symbol ordering
Relocatable symbols

   Definitions
      At line 118 in file Print.s
   Uses
      At line 98 in file Print.s
      At line 104 in file Print.s
      At line 122 in file Print.s

print3 000000E8

Symbol: print3
   Definitions
      At line 126 in file Print.s
   Uses
      At line 130 in file Print.s
Comment: print3 used once
printstar 000000A8

Symbol: printstar
   Definitions
      At line 106 in file Print.s
   Uses
      At line 97 in file Print.s
Comment: printstar used once
10 symbols



ARM Macro Assembler    Page 1 Alphabetic symbol ordering
External symbols

ST7735_OutChar 00000000

Symbol: ST7735_OutChar
   Definitions
      At line 12 in file Print.s
   Uses
      At line 47 in file Print.s
      At line 107 in file Print.s
      At line 109 in file Print.s
      At line 111 in file Print.s
      At line 113 in file Print.s
      At line 115 in file Print.s
      At line 119 in file Print.s
      At line 125 in file Print.s
      At line 127 in file Print.s

ST7735_OutString 00000000

Symbol: ST7735_OutString
   Definitions
      At line 13 in file Print.s
   Uses
      None
Comment: ST7735_OutString unused
2 symbols
343 symbols in table
